<?xml version="1.0" encoding="UTF-8"?>
<testng-results ignored="0" total="2" passed="2" failed="0" skipped="0">
  <reporter-output>
  </reporter-output>
  <suite started-at="2024-02-09T18:01:31 IST" name="Default suite" finished-at="2024-02-09T18:03:06 IST" duration-ms="94217">
    <groups>
    </groups>
    <test started-at="2024-02-09T18:01:31 IST" name="Default test" finished-at="2024-02-09T18:03:06 IST" duration-ms="94217">
      <class name="test.Testclass">
        <test-method is-config="true" signature="setup()[pri:0, instance:test.Testclass@42f48531]" started-at="2024-02-09T18:01:31 IST" name="setup" finished-at="2024-02-09T18:01:49 IST" duration-ms="17232" status="PASS">
          <reporter-output>
          </reporter-output>
        </test-method> <!-- setup -->
        <test-method is-config="true" signature="url()[pri:0, instance:test.Testclass@42f48531]" started-at="2024-02-09T18:01:49 IST" name="url" finished-at="2024-02-09T18:02:18 IST" duration-ms="29061" status="PASS">
          <reporter-output>
          </reporter-output>
        </test-method> <!-- url -->
        <test-method signature="hometest()[pri:0, instance:test.Testclass@42f48531]" started-at="2024-02-09T18:02:18 IST" name="hometest" finished-at="2024-02-09T18:02:58 IST" duration-ms="40424" status="PASS">
          <reporter-output>
          </reporter-output>
        </test-method> <!-- hometest -->
        <test-method is-config="true" signature="url()[pri:0, instance:test.Testclass@42f48531]" started-at="2024-02-09T18:02:58 IST" name="url" finished-at="2024-02-09T18:03:00 IST" duration-ms="1724" status="PASS">
          <reporter-output>
          </reporter-output>
        </test-method> <!-- url -->
        <test-method signature="registrationtest()[pri:1, instance:test.Testclass@42f48531]" started-at="2024-02-09T18:03:00 IST" name="registrationtest" finished-at="2024-02-09T18:03:06 IST" duration-ms="5707" status="PASS">
          <reporter-output>
          </reporter-output>
        </test-method> <!-- registrationtest -->
      </class> <!-- test.Testclass -->
    </test> <!-- Default test -->
  </suite> <!-- Default suite -->
</testng-results>
